Using pre-set license
Built from '2021.2/staging' branch; Version is '2021.2.18f1 (0c6e675195cf) revision 814695'; Using compiler version '192829333'; Build Type 'Release'
OS: 'Windows 11  (10.0.22000) 64bit Professional' Language: 'en' Physical Memory: 16317 MB
BatchMode: 1, IsHumanControllingUs: 0, StartBugReporterOnCrash: 0, Is64bit: 1, IsPro: 1

COMMAND LINE ARGUMENTS:
C:\Program Files\Unity\Hub\Editor\2021.2.18f1\Editor\Unity.exe
-adb2
-batchMode
-noUpm
-name
AssetImportWorker2
-projectPath
C:/Users/Ben/Documents/GitHub/TrashGrab/Trash Grab
-logFile
Logs/AssetImportWorker2.log
-srvPort
62446
Successfully changed project path to: C:/Users/Ben/Documents/GitHub/TrashGrab/Trash Grab
C:/Users/Ben/Documents/GitHub/TrashGrab/Trash Grab
[UnityMemory] Configuration Parameters - Can be set up in boot.config
    "memorysetup-bucket-allocator-granularity=16"
    "memorysetup-bucket-allocator-bucket-count=8"
    "memorysetup-bucket-allocator-block-size=33554432"
    "memorysetup-bucket-allocator-block-count=8"
    "memorysetup-main-allocator-block-size=16777216"
    "memorysetup-thread-allocator-block-size=16777216"
    "memorysetup-gfx-main-allocator-block-size=16777216"
    "memorysetup-gfx-thread-allocator-block-size=16777216"
    "memorysetup-cache-allocator-block-size=4194304"
    "memorysetup-typetree-allocator-block-size=2097152"
    "memorysetup-profiler-bucket-allocator-granularity=16"
    "memorysetup-profiler-bucket-allocator-bucket-count=8"
    "memorysetup-profiler-bucket-allocator-block-size=33554432"
    "memorysetup-profiler-bucket-allocator-block-count=8"
    "memorysetup-profiler-allocator-block-size=16777216"
    "memorysetup-profiler-editor-allocator-block-size=1048576"
    "memorysetup-temp-allocator-size-main=16777216"
    "memorysetup-job-temp-allocator-block-size=2097152"
    "memorysetup-job-temp-allocator-block-size-background=1048576"
    "memorysetup-job-temp-allocator-reduction-small-platforms=262144"
    "memorysetup-temp-allocator-size-background-worker=32768"
    "memorysetup-temp-allocator-size-job-worker=262144"
    "memorysetup-temp-allocator-size-preload-manager=33554432"
    "memorysetup-temp-allocator-size-nav-mesh-worker=65536"
    "memorysetup-temp-allocator-size-audio-worker=65536"
    "memorysetup-temp-allocator-size-cloud-worker=32768"
    "memorysetup-temp-allocator-size-gi-baking-worker=262144"
    "memorysetup-temp-allocator-size-gfx=262144"
Refreshing native plugins compatible for Editor in 114.01 ms, found 4 plugins.
Preloading 0 native plugins for Editor in 0.00 ms.
Initialize engine version: 2021.2.18f1 (0c6e675195cf)
[Subsystems] Discovering subsystems at path C:/Program Files/Unity/Hub/Editor/2021.2.18f1/Editor/Data/Resources/UnitySubsystems
[Subsystems] Discovering subsystems at path C:/Users/Ben/Documents/GitHub/TrashGrab/Trash Grab/Assets
GfxDevice: creating device client; threaded=0; jobified=0
Direct3D:
    Version:  Direct3D 11.0 [level 11.1]
    Renderer: NVIDIA GeForce RTX 2080 SUPER (ID=0x1e81)
    Vendor:   NVIDIA
    VRAM:     8010 MB
    Driver:   30.0.14.7141
Initialize mono
Mono path[0] = 'C:/Program Files/Unity/Hub/Editor/2021.2.18f1/Editor/Data/Managed'
Mono path[1] = 'C:/Program Files/Unity/Hub/Editor/2021.2.18f1/Editor/Data/MonoBleedingEdge/lib/mono/unityjit-win32'
Mono config path = 'C:/Program Files/Unity/Hub/Editor/2021.2.18f1/Editor/Data/MonoBleedingEdge/etc'
Using monoOptions --debugger-agent=transport=dt_socket,embedding=1,server=y,suspend=n,address=127.0.0.1:56892
Begin MonoManager ReloadAssembly
Registering precompiled unity dll's ...
Register platform support module: C:/Program Files/Unity/Hub/Editor/2021.2.18f1/Editor/Data/PlaybackEngines/AndroidPlayer/UnityEditor.Android.Extensions.dll
Register platform support module: C:/Program Files/Unity/Hub/Editor/2021.2.18f1/Editor/Data/PlaybackEngines/WindowsStandaloneSupport/UnityEditor.WindowsStandalone.Extensions.dll
Registered in 0.003792 seconds.
Native extension for WindowsStandalone target not found
Native extension for Android target not found
Refreshing native plugins compatible for Editor in 87.93 ms, found 4 plugins.
Preloading 0 native plugins for Editor in 0.00 ms.
Mono: successfully reloaded assembly
- Completed reload, in  0.662 seconds
Domain Reload Profiling:
	ReloadAssembly (662ms)
		BeginReloadAssembly (76ms)
			ExecutionOrderSort (0ms)
			DisableScriptedObjects (0ms)
			BackupInstance (0ms)
			ReleaseScriptingObjects (0ms)
			CreateAndSetChildDomain (1ms)
		EndReloadAssembly (488ms)
			LoadAssemblies (74ms)
			RebuildTransferFunctionScriptingTraits (0ms)
			SetupTypeCache (109ms)
			ReleaseScriptCaches (0ms)
			RebuildScriptCaches (28ms)
			SetupLoadedEditorAssemblies (303ms)
				LogAssemblyErrors (0ms)
				InitializePlatformSupportModulesInManaged (57ms)
				SetLoadedEditorAssemblies (0ms)
				RefreshPlugins (88ms)
				BeforeProcessingInitializeOnLoad (2ms)
				ProcessInitializeOnLoadAttributes (111ms)
				ProcessInitializeOnLoadMethodAttributes (45ms)
				AfterProcessingInitializeOnLoad (0ms)
				EditorAssembliesLoaded (0ms)
			ExecutionOrderSort2 (0ms)
			AwakeInstancesAfterBackupRestoration (0ms)
Platform modules already initialized, skipping
Registering precompiled user dll's ...
Registered in 0.004662 seconds.
Begin MonoManager ReloadAssembly
Symbol file LoadedFromMemory doesn't match image C:\Users\Ben\Documents\GitHub\TrashGrab\Trash Grab\Library\PackageCache\com.unity.visualscripting@1.7.6\Editor\VisualScripting.Core\Dependencies\YamlDotNet\Unity.VisualScripting.YamlDotNet.dll
Symbol file LoadedFromMemory doesn't match image C:\Users\Ben\Documents\GitHub\TrashGrab\Trash Grab\Library\PackageCache\com.unity.visualscripting@1.7.6\Editor\VisualScripting.Core\Dependencies\DotNetZip\Unity.VisualScripting.IonicZip.dll
Native extension for WindowsStandalone target not found
Native extension for Android target not found
Refreshing native plugins compatible for Editor in 77.85 ms, found 4 plugins.
Preloading 0 native plugins for Editor in 0.00 ms.
Mono: successfully reloaded assembly
- Completed reload, in  1.722 seconds
Domain Reload Profiling:
	ReloadAssembly (1722ms)
		BeginReloadAssembly (235ms)
			ExecutionOrderSort (0ms)
			DisableScriptedObjects (6ms)
			BackupInstance (0ms)
			ReleaseScriptingObjects (0ms)
			CreateAndSetChildDomain (132ms)
		EndReloadAssembly (1371ms)
			LoadAssemblies (102ms)
			RebuildTransferFunctionScriptingTraits (0ms)
			SetupTypeCache (236ms)
			ReleaseScriptCaches (1ms)
			RebuildScriptCaches (62ms)
			SetupLoadedEditorAssemblies (942ms)
				LogAssemblyErrors (0ms)
				InitializePlatformSupportModulesInManaged (13ms)
				SetLoadedEditorAssemblies (0ms)
				RefreshPlugins (78ms)
				BeforeProcessingInitializeOnLoad (78ms)
				ProcessInitializeOnLoadAttributes (736ms)
				ProcessInitializeOnLoadMethodAttributes (33ms)
				AfterProcessingInitializeOnLoad (4ms)
				EditorAssembliesLoaded (0ms)
			ExecutionOrderSort2 (0ms)
			AwakeInstancesAfterBackupRestoration (6ms)
Platform modules already initialized, skipping
========================================================================
Worker process is ready to serve import requests
Launched and connected shader compiler UnityShaderCompiler.exe after 0.07 seconds
Refreshing native plugins compatible for Editor in 0.85 ms, found 4 plugins.
Preloading 0 native plugins for Editor in 0.00 ms.
Unloading 4068 Unused Serialized files (Serialized files now loaded: 0)
Unloading 41 unused Assets / (226.1 KB). Loaded Objects now: 4525.
Memory consumption went from 155.3 MB to 155.0 MB.
Total: 3.566900 ms (FindLiveObjects: 0.443700 ms CreateObjectMapping: 0.304700 ms MarkObjects: 2.678000 ms  DeleteObjects: 0.139600 ms)

AssetImportParameters requested are different than current active one (requested -> active):
  custom:video-decoder-ogg-theora: a1e56fd34408186e4bbccfd4996cb3dc -> 
  custom:container-muxer-webm: aa71ff27fc2769a1b78a27578f13a17b -> 
  custom:container-demuxer-webm: 4f35f7cbe854078d1ac9338744f61a02 -> 
  custom:video-encoder-webm-vp8: eb34c28f22e8b96e1ab97ce403110664 -> 
  custom:audio-encoder-webm-vorbis: bf7c407c2cedff20999df2af8eb42d56 -> 
  custom:framework-win-MediaFoundation: 216162199b28c13a410421893ffa2e32 -> 
  custom:container-demuxer-ogg: 62fdf1f143b41e24485cea50d1cbac27 -> 
  custom:video-decoder-webm-vp8: 9c59270c3fd7afecdb556c50c9e8de78 -> 
  custom:audio-decoder-ogg-vorbis: bf7c407c2cedff20999df2af8eb42d56 -> 
========================================================================
Received Import Request.
  Time since last request: 2180712.289569 seconds.
  path: Assets/Sprites/rightwall.png
  artifactKey: Guid(6210b129c2eb74c4da82e26578a07d68) Importer(815301076,1909f56bfc062723c751e8b465ee728b)
Start importing Assets/Sprites/rightwall.png using Guid(6210b129c2eb74c4da82e26578a07d68) Importer(815301076,1909f56bfc062723c751e8b465ee728b)  -> (artifact id: 'a5f1395f579f0385a88bd2e1b94d112b') in 0.105218 seconds 
========================================================================
Received Import Request.
  Time since last request: 0.000016 seconds.
  path: Assets/Sprites/leftcornerwall.png
  artifactKey: Guid(c28018f188b4f194687fea23fe91775d) Importer(815301076,1909f56bfc062723c751e8b465ee728b)
Start importing Assets/Sprites/leftcornerwall.png using Guid(c28018f188b4f194687fea23fe91775d) Importer(815301076,1909f56bfc062723c751e8b465ee728b)  -> (artifact id: '1ea664f4e8594dfc8444e63739ebc1b4') in 0.030804 seconds 
========================================================================
Received Import Request.
  Time since last request: 303.786578 seconds.
  path: Assets/Sprites/backwall.png
  artifactKey: Guid(b16d49584d3f3e74e8e730b7064a2501) Importer(815301076,1909f56bfc062723c751e8b465ee728b)
Start importing Assets/Sprites/backwall.png using Guid(b16d49584d3f3e74e8e730b7064a2501) Importer(815301076,1909f56bfc062723c751e8b465ee728b)  -> (artifact id: '880265f380422c5e3ced21397dd343f7') in 0.020045 seconds 
========================================================================
Received Import Request.
  Time since last request: 1.711776 seconds.
  path: Assets/SpriteSheet.png
  artifactKey: Guid(43cb46aeefd68144b8f31ffbcace9035) Importer(815301076,1909f56bfc062723c751e8b465ee728b)
Start importing Assets/SpriteSheet.png using Guid(43cb46aeefd68144b8f31ffbcace9035) Importer(815301076,1909f56bfc062723c751e8b465ee728b)  -> (artifact id: 'cd8dc359ef591a792fd019541a4a17ca') in 0.071867 seconds 
========================================================================
Received Import Request.
  Time since last request: 42.077523 seconds.
  path: Assets/SpriteSheet.png
  artifactKey: Guid(43cb46aeefd68144b8f31ffbcace9035) Importer(815301076,1909f56bfc062723c751e8b465ee728b)
Start importing Assets/SpriteSheet.png using Guid(43cb46aeefd68144b8f31ffbcace9035) Importer(815301076,1909f56bfc062723c751e8b465ee728b)  -> (artifact id: '89b21ba6915f88a21be7064065ab411a') in 0.012749 seconds 
========================================================================
Received Import Request.
  Time since last request: 36.772099 seconds.
  path: Assets/SpriteSheet.png
  artifactKey: Guid(43cb46aeefd68144b8f31ffbcace9035) Importer(815301076,1909f56bfc062723c751e8b465ee728b)
Start importing Assets/SpriteSheet.png using Guid(43cb46aeefd68144b8f31ffbcace9035) Importer(815301076,1909f56bfc062723c751e8b465ee728b)  -> (artifact id: '22480119483edf7c10f4f2c17c112793') in 0.029362 seconds 
========================================================================
Received Import Request.
  Time since last request: 1669.294659 seconds.
  path: Assets/SpriteSheet.png
  artifactKey: Guid(43cb46aeefd68144b8f31ffbcace9035) Importer(815301076,1909f56bfc062723c751e8b465ee728b)
Start importing Assets/SpriteSheet.png using Guid(43cb46aeefd68144b8f31ffbcace9035) Importer(815301076,1909f56bfc062723c751e8b465ee728b)  -> (artifact id: 'e47af87b4a5e863e19575d2fabcbf461') in 0.087913 seconds 
========================================================================
Received Import Request.
  Time since last request: 93.336357 seconds.
  path: Assets/SpriteSheet.png
  artifactKey: Guid(43cb46aeefd68144b8f31ffbcace9035) Importer(815301076,1909f56bfc062723c751e8b465ee728b)
Start importing Assets/SpriteSheet.png using Guid(43cb46aeefd68144b8f31ffbcace9035) Importer(815301076,1909f56bfc062723c751e8b465ee728b)  -> (artifact id: 'f89244315a3cf89b28f88d196051e1ae') in 0.032884 seconds 
========================================================================
Received Import Request.
  Time since last request: 29.156536 seconds.
  path: Assets/Sprites/door.png
  artifactKey: Guid(8518cf0a43ebd6f4ba7c9926c402b8ea) Importer(815301076,1909f56bfc062723c751e8b465ee728b)
Start importing Assets/Sprites/door.png using Guid(8518cf0a43ebd6f4ba7c9926c402b8ea) Importer(815301076,1909f56bfc062723c751e8b465ee728b)  -> (artifact id: '8c2b7d58549a93735ce0031a685c7ad8') in 0.014804 seconds 
========================================================================
Received Import Request.
  Time since last request: 0.885328 seconds.
  path: Assets/Sprites/Palette/Backwall.asset
  artifactKey: Guid(3b86bfb2c5385244a93c66b5e005f168) Importer(815301076,1909f56bfc062723c751e8b465ee728b)
Start importing Assets/Sprites/Palette/Backwall.asset using Guid(3b86bfb2c5385244a93c66b5e005f168) Importer(815301076,1909f56bfc062723c751e8b465ee728b)  -> (artifact id: '812dc446eb3fb225925bab0ca04aed6a') in 0.040184 seconds 
========================================================================
Received Import Request.
  Time since last request: 0.000028 seconds.
  path: Assets/Sprites/Palette/RightCorner.asset
  artifactKey: Guid(ce431dd211b677843942c33ee21b9483) Importer(815301076,1909f56bfc062723c751e8b465ee728b)
Start importing Assets/Sprites/Palette/RightCorner.asset using Guid(ce431dd211b677843942c33ee21b9483) Importer(815301076,1909f56bfc062723c751e8b465ee728b)  -> (artifact id: '260ac8bbb9fb889481b60939318ee1d3') in 0.014061 seconds 
========================================================================
Received Import Request.
  Time since last request: 0.000025 seconds.
  path: Assets/Sprites/Palette/RightWall.asset
  artifactKey: Guid(8b731f8fc0e6b1d498972308a079cf55) Importer(815301076,1909f56bfc062723c751e8b465ee728b)
Start importing Assets/Sprites/Palette/RightWall.asset using Guid(8b731f8fc0e6b1d498972308a079cf55) Importer(815301076,1909f56bfc062723c751e8b465ee728b)  -> (artifact id: 'aa061f5e9511222b64b6ae00735d9081') in 0.015396 seconds 
========================================================================
Received Import Request.
  Time since last request: 0.000020 seconds.
  path: Assets/Sprites/Palette/Floor.asset
  artifactKey: Guid(3bc33447e9f94774e86271f2c3e29394) Importer(815301076,1909f56bfc062723c751e8b465ee728b)
Start importing Assets/Sprites/Palette/Floor.asset using Guid(3bc33447e9f94774e86271f2c3e29394) Importer(815301076,1909f56bfc062723c751e8b465ee728b)  -> (artifact id: '5d643db7cece2bf8cbb4f1d152746ffb') in 0.012051 seconds 
========================================================================
Received Import Request.
  Time since last request: 0.000040 seconds.
  path: Assets/Sprites/Palette/Door.asset
  artifactKey: Guid(13d66f1ad6acd9848a79cb1a8d12d8d1) Importer(815301076,1909f56bfc062723c751e8b465ee728b)
Start importing Assets/Sprites/Palette/Door.asset using Guid(13d66f1ad6acd9848a79cb1a8d12d8d1) Importer(815301076,1909f56bfc062723c751e8b465ee728b)  -> (artifact id: 'c94d28b14e42e48bc393336a502095cd') in 0.018339 seconds 
========================================================================
Received Import Request.
  Time since last request: 0.000040 seconds.
  path: Assets/Sprites/Palette/LeftCorner.asset
  artifactKey: Guid(77da72a946e6fc24aa5e1fdc3f23e268) Importer(815301076,1909f56bfc062723c751e8b465ee728b)
Start importing Assets/Sprites/Palette/LeftCorner.asset using Guid(77da72a946e6fc24aa5e1fdc3f23e268) Importer(815301076,1909f56bfc062723c751e8b465ee728b)  -> (artifact id: '486a2a584249de0c2bc66aaf4089b23c') in 0.015613 seconds 
Editor requested this worker to shutdown with reason: Scaling down because of idle timeout
AssetImportWorker is now disconnected from the server
Process exiting
Exiting without the bug reporter. Application will terminate with return code 0