Using pre-set license
Built from '2021.2/staging' branch; Version is '2021.2.18f1 (0c6e675195cf) revision 814695'; Using compiler version '192829333'; Build Type 'Release'
OS: 'Windows 11  (10.0.22000) 64bit Professional' Language: 'en' Physical Memory: 16317 MB
BatchMode: 1, IsHumanControllingUs: 0, StartBugReporterOnCrash: 0, Is64bit: 1, IsPro: 1

COMMAND LINE ARGUMENTS:
C:\Program Files\Unity\Hub\Editor\2021.2.18f1\Editor\Unity.exe
-adb2
-batchMode
-noUpm
-name
AssetImportWorker6
-projectPath
C:/Users/Ben/Documents/GitHub/TrashGrab/Trash Grab
-logFile
Logs/AssetImportWorker6.log
-srvPort
63934
Successfully changed project path to: C:/Users/Ben/Documents/GitHub/TrashGrab/Trash Grab
C:/Users/Ben/Documents/GitHub/TrashGrab/Trash Grab
[UnityMemory] Configuration Parameters - Can be set up in boot.config
    "memorysetup-bucket-allocator-granularity=16"
    "memorysetup-bucket-allocator-bucket-count=8"
    "memorysetup-bucket-allocator-block-size=33554432"
    "memorysetup-bucket-allocator-block-count=8"
    "memorysetup-main-allocator-block-size=16777216"
    "memorysetup-thread-allocator-block-size=16777216"
    "memorysetup-gfx-main-allocator-block-size=16777216"
    "memorysetup-gfx-thread-allocator-block-size=16777216"
    "memorysetup-cache-allocator-block-size=4194304"
    "memorysetup-typetree-allocator-block-size=2097152"
    "memorysetup-profiler-bucket-allocator-granularity=16"
    "memorysetup-profiler-bucket-allocator-bucket-count=8"
    "memorysetup-profiler-bucket-allocator-block-size=33554432"
    "memorysetup-profiler-bucket-allocator-block-count=8"
    "memorysetup-profiler-allocator-block-size=16777216"
    "memorysetup-profiler-editor-allocator-block-size=1048576"
    "memorysetup-temp-allocator-size-main=16777216"
    "memorysetup-job-temp-allocator-block-size=2097152"
    "memorysetup-job-temp-allocator-block-size-background=1048576"
    "memorysetup-job-temp-allocator-reduction-small-platforms=262144"
    "memorysetup-temp-allocator-size-background-worker=32768"
    "memorysetup-temp-allocator-size-job-worker=262144"
    "memorysetup-temp-allocator-size-preload-manager=33554432"
    "memorysetup-temp-allocator-size-nav-mesh-worker=65536"
    "memorysetup-temp-allocator-size-audio-worker=65536"
    "memorysetup-temp-allocator-size-cloud-worker=32768"
    "memorysetup-temp-allocator-size-gi-baking-worker=262144"
    "memorysetup-temp-allocator-size-gfx=262144"
Refreshing native plugins compatible for Editor in 122.37 ms, found 4 plugins.
Preloading 0 native plugins for Editor in 0.00 ms.
Initialize engine version: 2021.2.18f1 (0c6e675195cf)
[Subsystems] Discovering subsystems at path C:/Program Files/Unity/Hub/Editor/2021.2.18f1/Editor/Data/Resources/UnitySubsystems
[Subsystems] Discovering subsystems at path C:/Users/Ben/Documents/GitHub/TrashGrab/Trash Grab/Assets
GfxDevice: creating device client; threaded=0; jobified=0
Direct3D:
    Version:  Direct3D 11.0 [level 11.1]
    Renderer: NVIDIA GeForce RTX 2080 SUPER (ID=0x1e81)
    Vendor:   NVIDIA
    VRAM:     8010 MB
    Driver:   30.0.14.7141
Initialize mono
Mono path[0] = 'C:/Program Files/Unity/Hub/Editor/2021.2.18f1/Editor/Data/Managed'
Mono path[1] = 'C:/Program Files/Unity/Hub/Editor/2021.2.18f1/Editor/Data/MonoBleedingEdge/lib/mono/unityjit-win32'
Mono config path = 'C:/Program Files/Unity/Hub/Editor/2021.2.18f1/Editor/Data/MonoBleedingEdge/etc'
Using monoOptions --debugger-agent=transport=dt_socket,embedding=1,server=y,suspend=n,address=127.0.0.1:56600
Begin MonoManager ReloadAssembly
Registering precompiled unity dll's ...
Register platform support module: C:/Program Files/Unity/Hub/Editor/2021.2.18f1/Editor/Data/PlaybackEngines/WebGLSupport/UnityEditor.WebGL.Extensions.dll
Register platform support module: C:/Program Files/Unity/Hub/Editor/2021.2.18f1/Editor/Data/PlaybackEngines/MacStandaloneSupport/UnityEditor.OSXStandalone.Extensions.dll
Register platform support module: C:/Program Files/Unity/Hub/Editor/2021.2.18f1/Editor/Data/PlaybackEngines/AndroidPlayer/UnityEditor.Android.Extensions.dll
Register platform support module: C:/Program Files/Unity/Hub/Editor/2021.2.18f1/Editor/Data/PlaybackEngines/WindowsStandaloneSupport/UnityEditor.WindowsStandalone.Extensions.dll
Registered in 0.006006 seconds.
Native extension for WindowsStandalone target not found
Native extension for Android target not found
Native extension for OSXStandalone target not found
Native extension for WebGL target not found
Refreshing native plugins compatible for Editor in 79.22 ms, found 4 plugins.
Preloading 0 native plugins for Editor in 0.00 ms.
Mono: successfully reloaded assembly
- Completed reload, in  0.593 seconds
Domain Reload Profiling:
	ReloadAssembly (593ms)
		BeginReloadAssembly (59ms)
			ExecutionOrderSort (0ms)
			DisableScriptedObjects (0ms)
			BackupInstance (0ms)
			ReleaseScriptingObjects (0ms)
			CreateAndSetChildDomain (1ms)
		EndReloadAssembly (439ms)
			LoadAssemblies (58ms)
			RebuildTransferFunctionScriptingTraits (0ms)
			SetupTypeCache (106ms)
			ReleaseScriptCaches (0ms)
			RebuildScriptCaches (26ms)
			SetupLoadedEditorAssemblies (258ms)
				LogAssemblyErrors (0ms)
				InitializePlatformSupportModulesInManaged (51ms)
				SetLoadedEditorAssemblies (0ms)
				RefreshPlugins (79ms)
				BeforeProcessingInitializeOnLoad (1ms)
				ProcessInitializeOnLoadAttributes (87ms)
				ProcessInitializeOnLoadMethodAttributes (40ms)
				AfterProcessingInitializeOnLoad (0ms)
				EditorAssembliesLoaded (0ms)
			ExecutionOrderSort2 (0ms)
			AwakeInstancesAfterBackupRestoration (0ms)
Platform modules already initialized, skipping
Registering precompiled user dll's ...
Registered in 0.004983 seconds.
Begin MonoManager ReloadAssembly
Symbol file LoadedFromMemory doesn't match image C:\Users\Ben\Documents\GitHub\TrashGrab\Trash Grab\Library\PackageCache\com.unity.visualscripting@1.7.6\Editor\VisualScripting.Core\Dependencies\YamlDotNet\Unity.VisualScripting.YamlDotNet.dll
Symbol file LoadedFromMemory doesn't match image C:\Users\Ben\Documents\GitHub\TrashGrab\Trash Grab\Library\PackageCache\com.unity.visualscripting@1.7.6\Editor\VisualScripting.Core\Dependencies\DotNetZip\Unity.VisualScripting.IonicZip.dll
Native extension for WindowsStandalone target not found
Native extension for Android target not found
Native extension for OSXStandalone target not found
Native extension for WebGL target not found
Refreshing native plugins compatible for Editor in 76.48 ms, found 4 plugins.
Preloading 0 native plugins for Editor in 0.00 ms.
Mono: successfully reloaded assembly
- Completed reload, in  1.523 seconds
Domain Reload Profiling:
	ReloadAssembly (1524ms)
		BeginReloadAssembly (192ms)
			ExecutionOrderSort (0ms)
			DisableScriptedObjects (5ms)
			BackupInstance (0ms)
			ReleaseScriptingObjects (0ms)
			CreateAndSetChildDomain (119ms)
		EndReloadAssembly (1235ms)
			LoadAssemblies (67ms)
			RebuildTransferFunctionScriptingTraits (0ms)
			SetupTypeCache (218ms)
			ReleaseScriptCaches (1ms)
			RebuildScriptCaches (51ms)
			SetupLoadedEditorAssemblies (856ms)
				LogAssemblyErrors (0ms)
				InitializePlatformSupportModulesInManaged (13ms)
				SetLoadedEditorAssemblies (0ms)
				RefreshPlugins (77ms)
				BeforeProcessingInitializeOnLoad (76ms)
				ProcessInitializeOnLoadAttributes (654ms)
				ProcessInitializeOnLoadMethodAttributes (32ms)
				AfterProcessingInitializeOnLoad (4ms)
				EditorAssembliesLoaded (0ms)
			ExecutionOrderSort2 (0ms)
			AwakeInstancesAfterBackupRestoration (5ms)
Platform modules already initialized, skipping
========================================================================
Worker process is ready to serve import requests
Launched and connected shader compiler UnityShaderCompiler.exe after 0.07 seconds
Refreshing native plugins compatible for Editor in 0.74 ms, found 4 plugins.
Preloading 0 native plugins for Editor in 0.00 ms.
Unloading 4074 Unused Serialized files (Serialized files now loaded: 0)
Unloading 41 unused Assets / (226.0 KB). Loaded Objects now: 4531.
Memory consumption went from 155.5 MB to 155.3 MB.
Total: 3.735000 ms (FindLiveObjects: 0.319300 ms CreateObjectMapping: 0.219700 ms MarkObjects: 3.056800 ms  DeleteObjects: 0.138100 ms)

AssetImportParameters requested are different than current active one (requested -> active):
  custom:video-decoder-ogg-theora: a1e56fd34408186e4bbccfd4996cb3dc -> 
  custom:container-muxer-webm: aa71ff27fc2769a1b78a27578f13a17b -> 
  custom:container-demuxer-webm: 4f35f7cbe854078d1ac9338744f61a02 -> 
  custom:video-encoder-webm-vp8: eb34c28f22e8b96e1ab97ce403110664 -> 
  custom:audio-encoder-webm-vorbis: bf7c407c2cedff20999df2af8eb42d56 -> 
  custom:framework-win-MediaFoundation: 216162199b28c13a410421893ffa2e32 -> 
  custom:container-demuxer-ogg: 62fdf1f143b41e24485cea50d1cbac27 -> 
  custom:video-decoder-webm-vp8: 9c59270c3fd7afecdb556c50c9e8de78 -> 
  custom:audio-decoder-ogg-vorbis: bf7c407c2cedff20999df2af8eb42d56 -> 
========================================================================
Received Import Request.
  Time since last request: 1203853.010682 seconds.
  path: Assets/Sprites/Palette/BackRightCorner.asset
  artifactKey: Guid(ab3658e01869f45439178dc479257d13) Importer(815301076,1909f56bfc062723c751e8b465ee728b)
Start importing Assets/Sprites/Palette/BackRightCorner.asset using Guid(ab3658e01869f45439178dc479257d13) Importer(815301076,1909f56bfc062723c751e8b465ee728b)  -> (artifact id: 'a0cdf6cba659c62c6dc988550df0cad5') in 0.084789 seconds 
========================================================================
Received Import Request.
  Time since last request: 0.000033 seconds.
  path: Assets/Sprites/Palette/Fence.asset
  artifactKey: Guid(6f5d292caea7d5c48abdbc41386e059d) Importer(815301076,1909f56bfc062723c751e8b465ee728b)
Start importing Assets/Sprites/Palette/Fence.asset using Guid(6f5d292caea7d5c48abdbc41386e059d) Importer(815301076,1909f56bfc062723c751e8b465ee728b)  -> (artifact id: 'c7fc485629931a993d4afe629dc69dd4') in 0.017521 seconds 
========================================================================
Received Import Request.
  Time since last request: 0.000043 seconds.
  path: Assets/Sprites/Palette/WallDoorRight.asset
  artifactKey: Guid(757f197277fe0bd4690228022918ecff) Importer(815301076,1909f56bfc062723c751e8b465ee728b)
Start importing Assets/Sprites/Palette/WallDoorRight.asset using Guid(757f197277fe0bd4690228022918ecff) Importer(815301076,1909f56bfc062723c751e8b465ee728b)  -> (artifact id: '4b0334ff31351a041f3a6c1e6a9e98ff') in 0.016111 seconds 
========================================================================
Received Import Request.
  Time since last request: 0.000042 seconds.
  path: Assets/Sprites/Palette/BuildingSheet.png
  artifactKey: Guid(43cb46aeefd68144b8f31ffbcace9035) Importer(815301076,1909f56bfc062723c751e8b465ee728b)
Start importing Assets/Sprites/Palette/BuildingSheet.png using Guid(43cb46aeefd68144b8f31ffbcace9035) Importer(815301076,1909f56bfc062723c751e8b465ee728b)  -> (artifact id: 'd5ddb7526c1ad2d56fa8d26bbd2e8204') in 0.322607 seconds 
========================================================================
Received Import Request.
  Time since last request: 490.723988 seconds.
  path: Assets/Sprites/Palette/BackLeftCorner.asset
  artifactKey: Guid(3f09ed7d9cf1b5d44867945d49171668) Importer(815301076,1909f56bfc062723c751e8b465ee728b)
Start importing Assets/Sprites/Palette/BackLeftCorner.asset using Guid(3f09ed7d9cf1b5d44867945d49171668) Importer(815301076,1909f56bfc062723c751e8b465ee728b)  -> (artifact id: '1fbdb27b59741f2b602abb2fa8931c11') in 0.020339 seconds 
========================================================================
Received Import Request.
  Time since last request: 0.000029 seconds.
  path: Assets/Sprites/Palette/Floor.asset
  artifactKey: Guid(3bc33447e9f94774e86271f2c3e29394) Importer(815301076,1909f56bfc062723c751e8b465ee728b)
Start importing Assets/Sprites/Palette/Floor.asset using Guid(3bc33447e9f94774e86271f2c3e29394) Importer(815301076,1909f56bfc062723c751e8b465ee728b)  -> (artifact id: '86b8e1f142634a2db98803f3dafdbfcd') in 0.010914 seconds 
========================================================================
Received Import Request.
  Time since last request: 0.000024 seconds.
  path: Assets/Sprites/Palette/WallDoorLeft.asset
  artifactKey: Guid(6dc3fb5d5d8041c4989d219eaeb53723) Importer(815301076,1909f56bfc062723c751e8b465ee728b)
Start importing Assets/Sprites/Palette/WallDoorLeft.asset using Guid(6dc3fb5d5d8041c4989d219eaeb53723) Importer(815301076,1909f56bfc062723c751e8b465ee728b)  -> (artifact id: 'a85ae4a3464de8de7db9e96eca03ad70') in 0.017307 seconds 
========================================================================
Received Import Request.
  Time since last request: 0.000020 seconds.
  path: Assets/Sprites/Palette/Outside.asset
  artifactKey: Guid(c4d8eb5dd9917fb4a802ae5c07e5bcf6) Importer(815301076,1909f56bfc062723c751e8b465ee728b)
Start importing Assets/Sprites/Palette/Outside.asset using Guid(c4d8eb5dd9917fb4a802ae5c07e5bcf6) Importer(815301076,1909f56bfc062723c751e8b465ee728b)  -> (artifact id: '7c6da508021a71e7b41d08110fcce286') in 0.011769 seconds 
========================================================================
Received Import Request.
  Time since last request: 0.000016 seconds.
  path: Assets/Sprites/Palette/RIghtCornerRight.asset
  artifactKey: Guid(fa9bb2697f6abb147b1fd76b2a2c49ab) Importer(815301076,1909f56bfc062723c751e8b465ee728b)
Start importing Assets/Sprites/Palette/RIghtCornerRight.asset using Guid(fa9bb2697f6abb147b1fd76b2a2c49ab) Importer(815301076,1909f56bfc062723c751e8b465ee728b)  -> (artifact id: 'c3f5cb1d1fa2fa22dc1fab8e51610f08') in 0.010217 seconds 
========================================================================
Received Import Request.
  Time since last request: 0.000015 seconds.
  path: Assets/Sprites/Palette/Door.asset
  artifactKey: Guid(13d66f1ad6acd9848a79cb1a8d12d8d1) Importer(815301076,1909f56bfc062723c751e8b465ee728b)
Start importing Assets/Sprites/Palette/Door.asset using Guid(13d66f1ad6acd9848a79cb1a8d12d8d1) Importer(815301076,1909f56bfc062723c751e8b465ee728b)  -> (artifact id: '2b5410c6ff3a8ec1949d2e66b7344e01') in 0.010584 seconds 
========================================================================
Received Import Request.
  Time since last request: 0.000024 seconds.
  path: Assets/Sprites/Palette/LeftWallDoorDown.asset
  artifactKey: Guid(3d5019122a93f2c459a93114035005c3) Importer(815301076,1909f56bfc062723c751e8b465ee728b)
Start importing Assets/Sprites/Palette/LeftWallDoorDown.asset using Guid(3d5019122a93f2c459a93114035005c3) Importer(815301076,1909f56bfc062723c751e8b465ee728b)  -> (artifact id: '27bbeff6832f65baacdae80c4c3f1f89') in 0.015712 seconds 
========================================================================
Received Import Request.
  Time since last request: 0.000040 seconds.
  path: Assets/Sprites/Palette/WallDoorRight.asset
  artifactKey: Guid(757f197277fe0bd4690228022918ecff) Importer(815301076,1909f56bfc062723c751e8b465ee728b)
Start importing Assets/Sprites/Palette/WallDoorRight.asset using Guid(757f197277fe0bd4690228022918ecff) Importer(815301076,1909f56bfc062723c751e8b465ee728b)  -> (artifact id: '670fa42dbabef6303a2bdc88431d3519') in 0.015752 seconds 
========================================================================
Received Import Request.
  Time since last request: 0.000031 seconds.
  path: Assets/Sprites/Palette/FenceUp.asset
  artifactKey: Guid(0c2345fe6a054b747967ceabfc9f3c87) Importer(815301076,1909f56bfc062723c751e8b465ee728b)
Start importing Assets/Sprites/Palette/FenceUp.asset using Guid(0c2345fe6a054b747967ceabfc9f3c87) Importer(815301076,1909f56bfc062723c751e8b465ee728b)  -> (artifact id: 'd6fa3d931a32fd0ca4f18ac4eedc1501') in 0.013048 seconds 
========================================================================
Received Import Request.
  Time since last request: 0.000026 seconds.
  path: Assets/Sprites/Palette/BuildingSheet.png
  artifactKey: Guid(43cb46aeefd68144b8f31ffbcace9035) Importer(815301076,1909f56bfc062723c751e8b465ee728b)
Start importing Assets/Sprites/Palette/BuildingSheet.png using Guid(43cb46aeefd68144b8f31ffbcace9035) Importer(815301076,1909f56bfc062723c751e8b465ee728b)  -> (artifact id: 'c284e12f04b148c246721dafe12ab1e5') in 0.256384 seconds 
========================================================================
Received Import Request.
  Time since last request: 0.000047 seconds.
  path: Assets/Sprites/Palette/Building.prefab
  artifactKey: Guid(1cf95df554202984faacad779f59c162) Importer(815301076,1909f56bfc062723c751e8b465ee728b)
Start importing Assets/Sprites/Palette/Building.prefab using Guid(1cf95df554202984faacad779f59c162) Importer(815301076,1909f56bfc062723c751e8b465ee728b)  -> (artifact id: '9b08761c137b198fe59b26b3355ae110') in 0.072107 seconds 
========================================================================
Received Import Request.
  Time since last request: 0.000030 seconds.
  path: Assets/Sprites/Palette/RightWallDoorDown.asset
  artifactKey: Guid(740b0a453f1cd4b43afb3473780f92e8) Importer(815301076,1909f56bfc062723c751e8b465ee728b)
Start importing Assets/Sprites/Palette/RightWallDoorDown.asset using Guid(740b0a453f1cd4b43afb3473780f92e8) Importer(815301076,1909f56bfc062723c751e8b465ee728b)  -> (artifact id: '1ca87e5646f1467b4b1625ce760eea6f') in 0.013915 seconds 
========================================================================
Received Import Request.
  Time since last request: 0.000018 seconds.
  path: Assets/Sprites/Palette/BuildingCornerLeft.asset
  artifactKey: Guid(235b084506bdf8f42934b8d2c7f95f91) Importer(815301076,1909f56bfc062723c751e8b465ee728b)
Start importing Assets/Sprites/Palette/BuildingCornerLeft.asset using Guid(235b084506bdf8f42934b8d2c7f95f91) Importer(815301076,1909f56bfc062723c751e8b465ee728b)  -> (artifact id: 'e8d6f5ec58cd30819d19af2eca52469f') in 0.013398 seconds 
========================================================================
Received Import Request.
  Time since last request: 0.000021 seconds.
  path: Assets/Sprites/Palette/OutsideDoorLeft.asset
  artifactKey: Guid(13573206327e6f0468dbc727e9f9c9e6) Importer(815301076,1909f56bfc062723c751e8b465ee728b)
Start importing Assets/Sprites/Palette/OutsideDoorLeft.asset using Guid(13573206327e6f0468dbc727e9f9c9e6) Importer(815301076,1909f56bfc062723c751e8b465ee728b)  -> (artifact id: '9f681516912056f75a887c6a6ab3dce4') in 0.011214 seconds 
========================================================================
Received Import Request.
  Time since last request: 0.000034 seconds.
  path: Assets/Sprites/Palette/LeftOutside.asset
  artifactKey: Guid(59d5c17d94f4fd04e89e3766de47b2c0) Importer(815301076,1909f56bfc062723c751e8b465ee728b)
Start importing Assets/Sprites/Palette/LeftOutside.asset using Guid(59d5c17d94f4fd04e89e3766de47b2c0) Importer(815301076,1909f56bfc062723c751e8b465ee728b)  -> (artifact id: 'c1f3a760c861f5064a0d0d1a9e2c6be2') in 0.011198 seconds 
========================================================================
Received Import Request.
  Time since last request: 0.000031 seconds.
  path: Assets/Sprites/Palette/LeftCorner.asset
  artifactKey: Guid(77da72a946e6fc24aa5e1fdc3f23e268) Importer(815301076,1909f56bfc062723c751e8b465ee728b)
Start importing Assets/Sprites/Palette/LeftCorner.asset using Guid(77da72a946e6fc24aa5e1fdc3f23e268) Importer(815301076,1909f56bfc062723c751e8b465ee728b)  -> (artifact id: 'f47aa635cfc3fab0ea682689574c4cb6') in 0.011795 seconds 
========================================================================
Received Import Request.
  Time since last request: 0.000023 seconds.
  path: Assets/Sprites/Palette/BuildingSheet_0.asset
  artifactKey: Guid(e685f73966696ca4f996d054c793de86) Importer(815301076,1909f56bfc062723c751e8b465ee728b)
Start importing Assets/Sprites/Palette/BuildingSheet_0.asset using Guid(e685f73966696ca4f996d054c793de86) Importer(815301076,1909f56bfc062723c751e8b465ee728b)  -> (artifact id: '289db9a16f9556ab579f61f376536906') in 0.009675 seconds 
========================================================================
Received Import Request.
  Time since last request: 0.000036 seconds.
  path: Assets/Sprites/Palette/FenceTopLeft.asset
  artifactKey: Guid(ffd0f8c3196d4eb4c928cfd00bd8b469) Importer(815301076,1909f56bfc062723c751e8b465ee728b)
Start importing Assets/Sprites/Palette/FenceTopLeft.asset using Guid(ffd0f8c3196d4eb4c928cfd00bd8b469) Importer(815301076,1909f56bfc062723c751e8b465ee728b)  -> (artifact id: '2916620db5c4343ea0cc9977dcad7997') in 0.007782 seconds 
Editor requested this worker to shutdown with reason: Scaling down because of idle timeout
AssetImportWorker is now disconnected from the server
Process exiting
Exiting without the bug reporter. Application will terminate with return code 0