Using pre-set license
Built from '2021.2/staging' branch; Version is '2021.2.18f1 (0c6e675195cf) revision 814695'; Using compiler version '192829333'; Build Type 'Release'
OS: 'Windows 11  (10.0.22000) 64bit Professional' Language: 'en' Physical Memory: 16317 MB
BatchMode: 1, IsHumanControllingUs: 0, StartBugReporterOnCrash: 0, Is64bit: 1, IsPro: 1

COMMAND LINE ARGUMENTS:
C:\Program Files\Unity\Hub\Editor\2021.2.18f1\Editor\Unity.exe
-adb2
-batchMode
-noUpm
-name
AssetImportWorker0
-projectPath
C:/Users/Ben/Documents/GitHub/TrashGrab/Trash Grab
-logFile
Logs/AssetImportWorker0.log
-srvPort
63934
Successfully changed project path to: C:/Users/Ben/Documents/GitHub/TrashGrab/Trash Grab
C:/Users/Ben/Documents/GitHub/TrashGrab/Trash Grab
[UnityMemory] Configuration Parameters - Can be set up in boot.config
    "memorysetup-bucket-allocator-granularity=16"
    "memorysetup-bucket-allocator-bucket-count=8"
    "memorysetup-bucket-allocator-block-size=33554432"
    "memorysetup-bucket-allocator-block-count=8"
    "memorysetup-main-allocator-block-size=16777216"
    "memorysetup-thread-allocator-block-size=16777216"
    "memorysetup-gfx-main-allocator-block-size=16777216"
    "memorysetup-gfx-thread-allocator-block-size=16777216"
    "memorysetup-cache-allocator-block-size=4194304"
    "memorysetup-typetree-allocator-block-size=2097152"
    "memorysetup-profiler-bucket-allocator-granularity=16"
    "memorysetup-profiler-bucket-allocator-bucket-count=8"
    "memorysetup-profiler-bucket-allocator-block-size=33554432"
    "memorysetup-profiler-bucket-allocator-block-count=8"
    "memorysetup-profiler-allocator-block-size=16777216"
    "memorysetup-profiler-editor-allocator-block-size=1048576"
    "memorysetup-temp-allocator-size-main=16777216"
    "memorysetup-job-temp-allocator-block-size=2097152"
    "memorysetup-job-temp-allocator-block-size-background=1048576"
    "memorysetup-job-temp-allocator-reduction-small-platforms=262144"
    "memorysetup-temp-allocator-size-background-worker=32768"
    "memorysetup-temp-allocator-size-job-worker=262144"
    "memorysetup-temp-allocator-size-preload-manager=33554432"
    "memorysetup-temp-allocator-size-nav-mesh-worker=65536"
    "memorysetup-temp-allocator-size-audio-worker=65536"
    "memorysetup-temp-allocator-size-cloud-worker=32768"
    "memorysetup-temp-allocator-size-gi-baking-worker=262144"
    "memorysetup-temp-allocator-size-gfx=262144"
Refreshing native plugins compatible for Editor in 125.07 ms, found 4 plugins.
Preloading 0 native plugins for Editor in 0.00 ms.
Initialize engine version: 2021.2.18f1 (0c6e675195cf)
[Subsystems] Discovering subsystems at path C:/Program Files/Unity/Hub/Editor/2021.2.18f1/Editor/Data/Resources/UnitySubsystems
[Subsystems] Discovering subsystems at path C:/Users/Ben/Documents/GitHub/TrashGrab/Trash Grab/Assets
GfxDevice: creating device client; threaded=0; jobified=0
Direct3D:
    Version:  Direct3D 11.0 [level 11.1]
    Renderer: NVIDIA GeForce RTX 2080 SUPER (ID=0x1e81)
    Vendor:   NVIDIA
    VRAM:     8010 MB
    Driver:   30.0.14.7141
Initialize mono
Mono path[0] = 'C:/Program Files/Unity/Hub/Editor/2021.2.18f1/Editor/Data/Managed'
Mono path[1] = 'C:/Program Files/Unity/Hub/Editor/2021.2.18f1/Editor/Data/MonoBleedingEdge/lib/mono/unityjit-win32'
Mono config path = 'C:/Program Files/Unity/Hub/Editor/2021.2.18f1/Editor/Data/MonoBleedingEdge/etc'
Using monoOptions --debugger-agent=transport=dt_socket,embedding=1,server=y,suspend=n,address=127.0.0.1:56772
Begin MonoManager ReloadAssembly
Registering precompiled unity dll's ...
Register platform support module: C:/Program Files/Unity/Hub/Editor/2021.2.18f1/Editor/Data/PlaybackEngines/WebGLSupport/UnityEditor.WebGL.Extensions.dll
Register platform support module: C:/Program Files/Unity/Hub/Editor/2021.2.18f1/Editor/Data/PlaybackEngines/MacStandaloneSupport/UnityEditor.OSXStandalone.Extensions.dll
Register platform support module: C:/Program Files/Unity/Hub/Editor/2021.2.18f1/Editor/Data/PlaybackEngines/AndroidPlayer/UnityEditor.Android.Extensions.dll
Register platform support module: C:/Program Files/Unity/Hub/Editor/2021.2.18f1/Editor/Data/PlaybackEngines/WindowsStandaloneSupport/UnityEditor.WindowsStandalone.Extensions.dll
Registered in 0.004955 seconds.
Native extension for WindowsStandalone target not found
Native extension for Android target not found
Native extension for OSXStandalone target not found
Native extension for WebGL target not found
Refreshing native plugins compatible for Editor in 82.02 ms, found 4 plugins.
Preloading 0 native plugins for Editor in 0.00 ms.
Mono: successfully reloaded assembly
- Completed reload, in  0.611 seconds
Domain Reload Profiling:
	ReloadAssembly (611ms)
		BeginReloadAssembly (71ms)
			ExecutionOrderSort (0ms)
			DisableScriptedObjects (0ms)
			BackupInstance (0ms)
			ReleaseScriptingObjects (0ms)
			CreateAndSetChildDomain (1ms)
		EndReloadAssembly (445ms)
			LoadAssemblies (70ms)
			RebuildTransferFunctionScriptingTraits (0ms)
			SetupTypeCache (97ms)
			ReleaseScriptCaches (0ms)
			RebuildScriptCaches (24ms)
			SetupLoadedEditorAssemblies (270ms)
				LogAssemblyErrors (0ms)
				InitializePlatformSupportModulesInManaged (51ms)
				SetLoadedEditorAssemblies (1ms)
				RefreshPlugins (82ms)
				BeforeProcessingInitializeOnLoad (1ms)
				ProcessInitializeOnLoadAttributes (94ms)
				ProcessInitializeOnLoadMethodAttributes (40ms)
				AfterProcessingInitializeOnLoad (0ms)
				EditorAssembliesLoaded (0ms)
			ExecutionOrderSort2 (0ms)
			AwakeInstancesAfterBackupRestoration (0ms)
Platform modules already initialized, skipping
Registering precompiled user dll's ...
Registered in 0.010318 seconds.
Begin MonoManager ReloadAssembly
Symbol file LoadedFromMemory doesn't match image C:\Users\Ben\Documents\GitHub\TrashGrab\Trash Grab\Library\PackageCache\com.unity.visualscripting@1.7.6\Editor\VisualScripting.Core\Dependencies\YamlDotNet\Unity.VisualScripting.YamlDotNet.dll
Symbol file LoadedFromMemory doesn't match image C:\Users\Ben\Documents\GitHub\TrashGrab\Trash Grab\Library\PackageCache\com.unity.visualscripting@1.7.6\Editor\VisualScripting.Core\Dependencies\DotNetZip\Unity.VisualScripting.IonicZip.dll
Native extension for WindowsStandalone target not found
Native extension for Android target not found
Native extension for OSXStandalone target not found
Native extension for WebGL target not found
Refreshing native plugins compatible for Editor in 79.39 ms, found 4 plugins.
Preloading 0 native plugins for Editor in 0.00 ms.
Mono: successfully reloaded assembly
- Completed reload, in  1.740 seconds
Domain Reload Profiling:
	ReloadAssembly (1741ms)
		BeginReloadAssembly (234ms)
			ExecutionOrderSort (0ms)
			DisableScriptedObjects (8ms)
			BackupInstance (0ms)
			ReleaseScriptingObjects (0ms)
			CreateAndSetChildDomain (122ms)
		EndReloadAssembly (1380ms)
			LoadAssemblies (109ms)
			RebuildTransferFunctionScriptingTraits (0ms)
			SetupTypeCache (224ms)
			ReleaseScriptCaches (1ms)
			RebuildScriptCaches (57ms)
			SetupLoadedEditorAssemblies (938ms)
				LogAssemblyErrors (0ms)
				InitializePlatformSupportModulesInManaged (15ms)
				SetLoadedEditorAssemblies (0ms)
				RefreshPlugins (79ms)
				BeforeProcessingInitializeOnLoad (78ms)
				ProcessInitializeOnLoadAttributes (722ms)
				ProcessInitializeOnLoadMethodAttributes (38ms)
				AfterProcessingInitializeOnLoad (5ms)
				EditorAssembliesLoaded (0ms)
			ExecutionOrderSort2 (0ms)
			AwakeInstancesAfterBackupRestoration (6ms)
Platform modules already initialized, skipping
========================================================================
Worker process is ready to serve import requests
Launched and connected shader compiler UnityShaderCompiler.exe after 0.08 seconds
Refreshing native plugins compatible for Editor in 0.82 ms, found 4 plugins.
Preloading 0 native plugins for Editor in 0.00 ms.
Unloading 4074 Unused Serialized files (Serialized files now loaded: 0)
Unloading 41 unused Assets / (226.0 KB). Loaded Objects now: 4531.
Memory consumption went from 155.5 MB to 155.3 MB.
Total: 3.596400 ms (FindLiveObjects: 0.432700 ms CreateObjectMapping: 0.299700 ms MarkObjects: 2.684700 ms  DeleteObjects: 0.178300 ms)

AssetImportParameters requested are different than current active one (requested -> active):
  custom:video-decoder-ogg-theora: a1e56fd34408186e4bbccfd4996cb3dc -> 
  custom:container-muxer-webm: aa71ff27fc2769a1b78a27578f13a17b -> 
  custom:container-demuxer-webm: 4f35f7cbe854078d1ac9338744f61a02 -> 
  custom:video-encoder-webm-vp8: eb34c28f22e8b96e1ab97ce403110664 -> 
  custom:audio-encoder-webm-vorbis: bf7c407c2cedff20999df2af8eb42d56 -> 
  custom:framework-win-MediaFoundation: 216162199b28c13a410421893ffa2e32 -> 
  custom:container-demuxer-ogg: 62fdf1f143b41e24485cea50d1cbac27 -> 
  custom:video-decoder-webm-vp8: 9c59270c3fd7afecdb556c50c9e8de78 -> 
  custom:audio-decoder-ogg-vorbis: bf7c407c2cedff20999df2af8eb42d56 -> 
========================================================================
Received Import Request.
  Time since last request: 1203469.184343 seconds.
  path: Assets/Sprites/Palette/BackLeftCorner.asset
  artifactKey: Guid(3f09ed7d9cf1b5d44867945d49171668) Importer(815301076,1909f56bfc062723c751e8b465ee728b)
Start importing Assets/Sprites/Palette/BackLeftCorner.asset using Guid(3f09ed7d9cf1b5d44867945d49171668) Importer(815301076,1909f56bfc062723c751e8b465ee728b)  -> (artifact id: 'dbb73a2005b4f6bbcc4a34a4cb788547') in 0.107757 seconds 
========================================================================
Received Import Request.
  Time since last request: 0.000035 seconds.
  path: Assets/Sprites/Palette/BackRightCornerLeft.asset
  artifactKey: Guid(c0f585304e6fb924589d6c24d78e3eb8) Importer(815301076,1909f56bfc062723c751e8b465ee728b)
Start importing Assets/Sprites/Palette/BackRightCornerLeft.asset using Guid(c0f585304e6fb924589d6c24d78e3eb8) Importer(815301076,1909f56bfc062723c751e8b465ee728b)  -> (artifact id: '4cef0a54c90058007980a9b8705d34df') in 0.025623 seconds 
========================================================================
Received Import Request.
  Time since last request: 0.000036 seconds.
  path: Assets/Sprites/Palette/RightWallDoorUp.asset
  artifactKey: Guid(8a5de3d2c943cb848bbc076e0f641df9) Importer(815301076,1909f56bfc062723c751e8b465ee728b)
Start importing Assets/Sprites/Palette/RightWallDoorUp.asset using Guid(8a5de3d2c943cb848bbc076e0f641df9) Importer(815301076,1909f56bfc062723c751e8b465ee728b)  -> (artifact id: 'bab4a42aabc103850c02cecc6e3d5a23') in 0.025269 seconds 
========================================================================
Received Import Request.
  Time since last request: 0.000046 seconds.
  path: Assets/Sprites/Palette/Outside.asset
  artifactKey: Guid(c4d8eb5dd9917fb4a802ae5c07e5bcf6) Importer(815301076,1909f56bfc062723c751e8b465ee728b)
Start importing Assets/Sprites/Palette/Outside.asset using Guid(c4d8eb5dd9917fb4a802ae5c07e5bcf6) Importer(815301076,1909f56bfc062723c751e8b465ee728b)  -> (artifact id: 'cb109bb6251fe11825ffdd5dc8a36307') in 0.025906 seconds 
========================================================================
Received Import Request.
  Time since last request: 0.000029 seconds.
  path: Assets/Sprites/Palette/Grass.asset
  artifactKey: Guid(ec689b3117c2e3146a49cd77c7d60f61) Importer(815301076,1909f56bfc062723c751e8b465ee728b)
Start importing Assets/Sprites/Palette/Grass.asset using Guid(ec689b3117c2e3146a49cd77c7d60f61) Importer(815301076,1909f56bfc062723c751e8b465ee728b)  -> (artifact id: '2d6f38f14f6739f8ef136f3dd7e74438') in 0.016562 seconds 
========================================================================
Received Import Request.
  Time since last request: 0.000020 seconds.
  path: Assets/Sprites/Palette/Fence.asset
  artifactKey: Guid(6f5d292caea7d5c48abdbc41386e059d) Importer(815301076,1909f56bfc062723c751e8b465ee728b)
Start importing Assets/Sprites/Palette/Fence.asset using Guid(6f5d292caea7d5c48abdbc41386e059d) Importer(815301076,1909f56bfc062723c751e8b465ee728b)  -> (artifact id: 'c30bfdea477c062b364fcb4df9c9fe69') in 0.015177 seconds 
========================================================================
Received Import Request.
  Time since last request: 0.000040 seconds.
  path: Assets/Sprites/Palette/LeftWallDoorDown.asset
  artifactKey: Guid(3d5019122a93f2c459a93114035005c3) Importer(815301076,1909f56bfc062723c751e8b465ee728b)
Start importing Assets/Sprites/Palette/LeftWallDoorDown.asset using Guid(3d5019122a93f2c459a93114035005c3) Importer(815301076,1909f56bfc062723c751e8b465ee728b)  -> (artifact id: 'a41733ff03d2f5fb2819a0a9c55dbbcb') in 0.014982 seconds 
========================================================================
Received Import Request.
  Time since last request: 0.000021 seconds.
  path: Assets/Sprites/Palette/RightOutCorner.asset
  artifactKey: Guid(9518e9d6e671117479b55c6fc6dd1442) Importer(815301076,1909f56bfc062723c751e8b465ee728b)
Start importing Assets/Sprites/Palette/RightOutCorner.asset using Guid(9518e9d6e671117479b55c6fc6dd1442) Importer(815301076,1909f56bfc062723c751e8b465ee728b)  -> (artifact id: 'b937ddc3575bcfc83b8294c7fb21f6b8') in 0.016389 seconds 
========================================================================
Received Import Request.
  Time since last request: 0.000030 seconds.
  path: Assets/Sprites/Palette/BackLeftCornerUp.asset
  artifactKey: Guid(d88a593f98dae4a4bb6e8e09b52258e8) Importer(815301076,1909f56bfc062723c751e8b465ee728b)
Start importing Assets/Sprites/Palette/BackLeftCornerUp.asset using Guid(d88a593f98dae4a4bb6e8e09b52258e8) Importer(815301076,1909f56bfc062723c751e8b465ee728b)  -> (artifact id: 'e4627b21b812a75e71624fae0a80e68d') in 0.014344 seconds 
========================================================================
Received Import Request.
  Time since last request: 0.000023 seconds.
  path: Assets/Sprites/Palette/BuildingCornerO.asset
  artifactKey: Guid(fb586ec433b2b6a41a50de931dbc269d) Importer(815301076,1909f56bfc062723c751e8b465ee728b)
Start importing Assets/Sprites/Palette/BuildingCornerO.asset using Guid(fb586ec433b2b6a41a50de931dbc269d) Importer(815301076,1909f56bfc062723c751e8b465ee728b)  -> (artifact id: '451f7b1ab15bd00186871663c478b675') in 0.016052 seconds 
========================================================================
Received Import Request.
  Time since last request: 0.000026 seconds.
  path: Assets/Sprites/Palette/LeftOutCorner.asset
  artifactKey: Guid(8a287e0d78aca044c82f4a61b400bd3f) Importer(815301076,1909f56bfc062723c751e8b465ee728b)
Start importing Assets/Sprites/Palette/LeftOutCorner.asset using Guid(8a287e0d78aca044c82f4a61b400bd3f) Importer(815301076,1909f56bfc062723c751e8b465ee728b)  -> (artifact id: '826860ac57ace8f0f798fa1af9dc0658') in 0.016393 seconds 
========================================================================
Received Import Request.
  Time since last request: 0.000038 seconds.
  path: Assets/Sprites/Palette/FenceCapLeft.asset
  artifactKey: Guid(fa8d327b43342504fabf9fe02562f049) Importer(815301076,1909f56bfc062723c751e8b465ee728b)
Start importing Assets/Sprites/Palette/FenceCapLeft.asset using Guid(fa8d327b43342504fabf9fe02562f049) Importer(815301076,1909f56bfc062723c751e8b465ee728b)  -> (artifact id: '8a40a40b4a490a2801994359fe0bfecd') in 0.019269 seconds 
========================================================================
Received Import Request.
  Time since last request: 0.000041 seconds.
  path: Assets/Sprites/Palette/FenceTopRight.asset
  artifactKey: Guid(958fb812a8059d9479c802e763091f0b) Importer(815301076,1909f56bfc062723c751e8b465ee728b)
Start importing Assets/Sprites/Palette/FenceTopRight.asset using Guid(958fb812a8059d9479c802e763091f0b) Importer(815301076,1909f56bfc062723c751e8b465ee728b)  -> (artifact id: '9992dc0cc0b553efc38fb3a0d9db790d') in 0.016221 seconds 
========================================================================
Received Import Request.
  Time since last request: 0.000034 seconds.
  path: Assets/Sprites/Palette/MiddleWallLeft.asset
  artifactKey: Guid(186f3c4a407f5304098ad268e14b6174) Importer(815301076,1909f56bfc062723c751e8b465ee728b)
Start importing Assets/Sprites/Palette/MiddleWallLeft.asset using Guid(186f3c4a407f5304098ad268e14b6174) Importer(815301076,1909f56bfc062723c751e8b465ee728b)  -> (artifact id: 'a714d87701728024d22898bc03658eab') in 0.023089 seconds 
========================================================================
Received Import Request.
  Time since last request: 0.000060 seconds.
  path: Assets/Sprites/Palette/Backwall.asset
  artifactKey: Guid(3b86bfb2c5385244a93c66b5e005f168) Importer(815301076,1909f56bfc062723c751e8b465ee728b)
Start importing Assets/Sprites/Palette/Backwall.asset using Guid(3b86bfb2c5385244a93c66b5e005f168) Importer(815301076,1909f56bfc062723c751e8b465ee728b)  -> (artifact id: '2b8c98cf1913534514caf9cc260a7bf5') in 0.017937 seconds 
========================================================================
Received Import Request.
  Time since last request: 0.000049 seconds.
  path: Assets/Sprites/Palette/LeftWall.asset
  artifactKey: Guid(c2f23fb6d3884d74188e709513310841) Importer(815301076,1909f56bfc062723c751e8b465ee728b)
Start importing Assets/Sprites/Palette/LeftWall.asset using Guid(c2f23fb6d3884d74188e709513310841) Importer(815301076,1909f56bfc062723c751e8b465ee728b)  -> (artifact id: '507fe6158654ee62524b0a24252824e7') in 0.017382 seconds 
========================================================================
Received Import Request.
  Time since last request: 0.000039 seconds.
  path: Assets/Sprites/Palette/Road.asset
  artifactKey: Guid(0109efea3ac57ab48a8aa75a36a52f36) Importer(815301076,1909f56bfc062723c751e8b465ee728b)
Start importing Assets/Sprites/Palette/Road.asset using Guid(0109efea3ac57ab48a8aa75a36a52f36) Importer(815301076,1909f56bfc062723c751e8b465ee728b)  -> (artifact id: '69da3f959acbe7290579894fdb6676fb') in 0.015313 seconds 
========================================================================
Received Import Request.
  Time since last request: 0.000030 seconds.
  path: Assets/Sprites/Palette/RightCorner.asset
  artifactKey: Guid(ce431dd211b677843942c33ee21b9483) Importer(815301076,1909f56bfc062723c751e8b465ee728b)
Start importing Assets/Sprites/Palette/RightCorner.asset using Guid(ce431dd211b677843942c33ee21b9483) Importer(815301076,1909f56bfc062723c751e8b465ee728b)  -> (artifact id: '0e2255b1ff7824a50cd9205dc1cfe73c') in 0.016856 seconds 
========================================================================
Received Import Request.
  Time since last request: 0.000030 seconds.
  path: Assets/Sprites/Palette/BackRightCorner.asset
  artifactKey: Guid(ab3658e01869f45439178dc479257d13) Importer(815301076,1909f56bfc062723c751e8b465ee728b)
Start importing Assets/Sprites/Palette/BackRightCorner.asset using Guid(ab3658e01869f45439178dc479257d13) Importer(815301076,1909f56bfc062723c751e8b465ee728b)  -> (artifact id: 'e488b83803d8f13cedc64b96513ea5df') in 0.014136 seconds 
========================================================================
Received Import Request.
  Time since last request: 0.000021 seconds.
  path: Assets/Sprites/Palette/RightWall.asset
  artifactKey: Guid(8b731f8fc0e6b1d498972308a079cf55) Importer(815301076,1909f56bfc062723c751e8b465ee728b)
Start importing Assets/Sprites/Palette/RightWall.asset using Guid(8b731f8fc0e6b1d498972308a079cf55) Importer(815301076,1909f56bfc062723c751e8b465ee728b)  -> (artifact id: 'af03d9d3deb9ea56a55d747585ad528b') in 0.014932 seconds 
========================================================================
Received Import Request.
  Time since last request: 0.000042 seconds.
  path: Assets/Sprites/Palette/FenceRight.asset
  artifactKey: Guid(cbe2e6e8304acfb40873ce8b9fb56361) Importer(815301076,1909f56bfc062723c751e8b465ee728b)
Start importing Assets/Sprites/Palette/FenceRight.asset using Guid(cbe2e6e8304acfb40873ce8b9fb56361) Importer(815301076,1909f56bfc062723c751e8b465ee728b)  -> (artifact id: 'db9dd55445c850f4ed3706dedd39b253') in 0.014897 seconds 
========================================================================
Received Import Request.
  Time since last request: 0.000026 seconds.
  path: Assets/Sprites/Palette/Building.prefab
  artifactKey: Guid(1cf95df554202984faacad779f59c162) Importer(815301076,1909f56bfc062723c751e8b465ee728b)
Start importing Assets/Sprites/Palette/Building.prefab using Guid(1cf95df554202984faacad779f59c162) Importer(815301076,1909f56bfc062723c751e8b465ee728b)  -> (artifact id: 'aa13af404858da816fa9061d10038e43') in 0.135652 seconds 
========================================================================
Received Import Request.
  Time since last request: 0.000024 seconds.
  path: Assets/Sprites/Palette/RightOutsideConnect.asset
  artifactKey: Guid(c90f8057683a58b4db4d7bbd7bd8de72) Importer(815301076,1909f56bfc062723c751e8b465ee728b)
Start importing Assets/Sprites/Palette/RightOutsideConnect.asset using Guid(c90f8057683a58b4db4d7bbd7bd8de72) Importer(815301076,1909f56bfc062723c751e8b465ee728b)  -> (artifact id: '90b3ba99b78bdc4e5fe8285eebfa19e4') in 0.016271 seconds 
========================================================================
Received Import Request.
  Time since last request: 0.000031 seconds.
  path: Assets/Sprites/Palette/LeftWallUp.asset
  artifactKey: Guid(647794709d01de840923c76ce3727622) Importer(815301076,1909f56bfc062723c751e8b465ee728b)
Start importing Assets/Sprites/Palette/LeftWallUp.asset using Guid(647794709d01de840923c76ce3727622) Importer(815301076,1909f56bfc062723c751e8b465ee728b)  -> (artifact id: 'a8843b2fa97775ac9810f95481519f60') in 0.016820 seconds 
========================================================================
Received Import Request.
  Time since last request: 0.000025 seconds.
  path: Assets/Sprites/Palette/LeftOutside.asset
  artifactKey: Guid(59d5c17d94f4fd04e89e3766de47b2c0) Importer(815301076,1909f56bfc062723c751e8b465ee728b)
Start importing Assets/Sprites/Palette/LeftOutside.asset using Guid(59d5c17d94f4fd04e89e3766de47b2c0) Importer(815301076,1909f56bfc062723c751e8b465ee728b)  -> (artifact id: '9f9b7bea93ac60487c01ec51e83e30ef') in 0.013285 seconds 
========================================================================
Received Import Request.
  Time since last request: 0.000026 seconds.
  path: Assets/Sprites/Palette/LeftCorner.asset
  artifactKey: Guid(77da72a946e6fc24aa5e1fdc3f23e268) Importer(815301076,1909f56bfc062723c751e8b465ee728b)
Start importing Assets/Sprites/Palette/LeftCorner.asset using Guid(77da72a946e6fc24aa5e1fdc3f23e268) Importer(815301076,1909f56bfc062723c751e8b465ee728b)  -> (artifact id: '0cb7ccd0986ab0c54ff08302ec84c41b') in 0.023995 seconds 
========================================================================
Received Import Request.
  Time since last request: 0.000028 seconds.
  path: Assets/Sprites/Palette/BuildingSheet_0.asset
  artifactKey: Guid(e685f73966696ca4f996d054c793de86) Importer(815301076,1909f56bfc062723c751e8b465ee728b)
Start importing Assets/Sprites/Palette/BuildingSheet_0.asset using Guid(e685f73966696ca4f996d054c793de86) Importer(815301076,1909f56bfc062723c751e8b465ee728b)  -> (artifact id: 'eba34f3203f83efb24272bd440e9e4e3') in 0.013062 seconds 
========================================================================
Received Import Request.
  Time since last request: 0.000027 seconds.
  path: Assets/Sprites/Palette/BuildingSheet_1.asset
  artifactKey: Guid(264243093e5d1a240877eb84c9d40695) Importer(815301076,1909f56bfc062723c751e8b465ee728b)
Start importing Assets/Sprites/Palette/BuildingSheet_1.asset using Guid(264243093e5d1a240877eb84c9d40695) Importer(815301076,1909f56bfc062723c751e8b465ee728b)  -> (artifact id: '4abd7db426913cb6103db29c6daaa04c') in 0.013969 seconds 
========================================================================
Received Import Request.
  Time since last request: 0.000020 seconds.
  path: Assets/Sprites/Palette/LeftOutsideConnect.asset
  artifactKey: Guid(f393f217ff8def744be602706895d55e) Importer(815301076,1909f56bfc062723c751e8b465ee728b)
Start importing Assets/Sprites/Palette/LeftOutsideConnect.asset using Guid(f393f217ff8def744be602706895d55e) Importer(815301076,1909f56bfc062723c751e8b465ee728b)  -> (artifact id: '09927735e926984b1685ec3a656f9f77') in 0.016058 seconds 
Editor requested this worker to shutdown with reason: Scaling down because of idle timeout
AssetImportWorker is now disconnected from the server
Process exiting
Exiting without the bug reporter. Application will terminate with return code 0